<?xml version="1.0" encoding="UTF-8" ?>
<testsuite tests="1" failures="0" name="TestSelenium.co.edu.eam.model.TestCaseGmail" time="9.642" errors="1" skipped="0">
  <properties>
[...]
</properties>
  <testcase classname="TestSelenium.co.edu.eam.model.TestCaseGmail" name="testCaseGmail" time="9.642">
    <error message="An unknown error has occurred
Build info: version: &apos;3.3.0&apos;, revision: &apos;b526bd5b41&apos;, time: &apos;2017-03-07 19:26:04 +0000&apos;
System info: host: &apos;MARCELA-PC&apos;, ip: &apos;192.168.56.1&apos;, os.name: &apos;Windows 8.1&apos;, os.arch: &apos;amd64&apos;, os.version: &apos;6.3&apos;, java.version: &apos;1.8.0_25&apos;
Driver info: org.openqa.selenium.firefox.FirefoxDriver
Capabilities [{moz:profile=C:\Users\Marcela\AppData\Local\Temp\rust_mozprofile.P7P77PKPQ5En, rotatable=false, timeouts={implicit=0, page load=300000, script=30000}, pageLoadStrategy=normal, platform=ANY, specificationLevel=0, moz:accessibilityChecks=false, acceptInsecureCerts=false, browserVersion=52.0.1, platformVersion=10.0, moz:processID=11284, browserName=firefox, platformName=windows_nt}]
Session ID: dac3bdde-a4a1-422f-8c20-781ef7a688c3" type="org.openqa.selenium.WebDriverException">org.openqa.selenium.WebDriverException: An unknown error has occurred
Build info: version: &apos;3.3.0&apos;, revision: &apos;b526bd5b41&apos;, time: &apos;2017-03-07 19:26:04 +0000&apos;
System info: host: &apos;MARCELA-PC&apos;, ip: &apos;192.168.56.1&apos;, os.name: &apos;Windows 8.1&apos;, os.arch: &apos;amd64&apos;, os.version: &apos;6.3&apos;, java.version: &apos;1.8.0_25&apos;
Driver info: org.openqa.selenium.firefox.FirefoxDriver
Capabilities [{moz:profile=C:\Users\Marcela\AppData\Local\Temp\rust_mozprofile.P7P77PKPQ5En, rotatable=false, timeouts={implicit=0, page load=300000, script=30000}, pageLoadStrategy=normal, platform=ANY, specificationLevel=0, moz:accessibilityChecks=false, acceptInsecureCerts=false, browserVersion=52.0.1, platformVersion=10.0, moz:processID=11284, browserName=firefox, platformName=windows_nt}]
Session ID: dac3bdde-a4a1-422f-8c20-781ef7a688c3
	at sun.reflect.NativeConstructorAccessorImpl.newInstance0(Native Method)
	at sun.reflect.NativeConstructorAccessorImpl.newInstance(NativeConstructorAccessorImpl.java:62)
	at sun.reflect.DelegatingConstructorAccessorImpl.newInstance(DelegatingConstructorAccessorImpl.java:45)
	at java.lang.reflect.Constructor.newInstance(Constructor.java:408)
	at org.openqa.selenium.remote.http.W3CHttpResponseCodec.createException(W3CHttpResponseCodec.java:127)
	at org.openqa.selenium.remote.http.W3CHttpResponseCodec.decode(W3CHttpResponseCodec.java:93)
	at org.openqa.selenium.remote.http.W3CHttpResponseCodec.decode(W3CHttpResponseCodec.java:42)
	at org.openqa.selenium.remote.HttpCommandExecutor.execute(HttpCommandExecutor.java:163)
	at org.openqa.selenium.remote.service.DriverCommandExecutor.execute(DriverCommandExecutor.java:82)
	at org.openqa.selenium.remote.RemoteWebDriver.execute(RemoteWebDriver.java:604)
	at org.openqa.selenium.remote.RemoteWebElement.execute(RemoteWebElement.java:274)
	at org.openqa.selenium.remote.RemoteWebElement.clear(RemoteWebElement.java:116)
	at TestSelenium.co.edu.eam.model.TestCaseGmail.testCaseGmail(TestCaseGmail.java:35)
	at sun.reflect.NativeMethodAccessorImpl.invoke0(Native Method)
	at sun.reflect.NativeMethodAccessorImpl.invoke(NativeMethodAccessorImpl.java:62)
	at sun.reflect.DelegatingMethodAccessorImpl.invoke(DelegatingMethodAccessorImpl.java:43)
	at java.lang.reflect.Method.invoke(Method.java:483)
	at org.junit.runners.model.FrameworkMethod$1.runReflectiveCall(FrameworkMethod.java:47)
	at org.junit.internal.runners.model.ReflectiveCallable.run(ReflectiveCallable.java:12)
	at org.junit.runners.model.FrameworkMethod.invokeExplosively(FrameworkMethod.java:44)
	at org.junit.internal.runners.statements.InvokeMethod.evaluate(InvokeMethod.java:17)
	at org.junit.internal.runners.statements.RunBefores.evaluate(RunBefores.java:26)
	at org.junit.internal.runners.statements.RunAfters.evaluate(RunAfters.java:27)
	at org.junit.runners.ParentRunner.runLeaf(ParentRunner.java:271)
	at org.junit.runners.BlockJUnit4ClassRunner.runChild(BlockJUnit4ClassRunner.java:70)
	at org.junit.runners.BlockJUnit4ClassRunner.runChild(BlockJUnit4ClassRunner.java:50)
	at org.junit.runners.ParentRunner$3.run(ParentRunner.java:238)
	at org.junit.runners.ParentRunner$1.schedule(ParentRunner.java:63)
	at org.junit.runners.ParentRunner.runChildren(ParentRunner.java:236)
	at org.junit.runners.ParentRunner.access$000(ParentRunner.java:53)
	at org.junit.runners.ParentRunner$2.evaluate(ParentRunner.java:229)
	at org.junit.runners.ParentRunner.run(ParentRunner.java:309)
	at org.apache.maven.surefire.junit4.JUnit4Provider.execute(JUnit4Provider.java:252)
	at org.apache.maven.surefire.junit4.JUnit4Provider.executeTestSet(JUnit4Provider.java:141)
	at org.apache.maven.surefire.junit4.JUnit4Provider.invoke(JUnit4Provider.java:112)
	at sun.reflect.NativeMethodAccessorImpl.invoke0(Native Method)
	at sun.reflect.NativeMethodAccessorImpl.invoke(NativeMethodAccessorImpl.java:62)
	at sun.reflect.DelegatingMethodAccessorImpl.invoke(DelegatingMethodAccessorImpl.java:43)
	at java.lang.reflect.Method.invoke(Method.java:483)
	at org.apache.maven.surefire.util.ReflectionUtils.invokeMethodWithArray(ReflectionUtils.java:189)
	at org.apache.maven.surefire.booter.ProviderFactory$ProviderProxy.invoke(ProviderFactory.java:165)
	at org.apache.maven.surefire.booter.ProviderFactory.invokeProvider(ProviderFactory.java:85)
	at org.apache.maven.surefire.booter.ForkedBooter.runSuitesInProcess(ForkedBooter.java:115)
	at org.apache.maven.surefire.booter.ForkedBooter.main(ForkedBooter.java:75)
</error>
    <system-err>1490247253637	geckodriver	INFO	Listening on 127.0.0.1:24923
1490247254134	mozprofile::profile	INFO	Using profile path C:\Users\Marcela\AppData\Local\Temp\rust_mozprofile.P7P77PKPQ5En
1490247254149	geckodriver::marionette	INFO	Starting browser C:\Program Files (x86)\Mozilla Firefox\firefox.exe with args []
1490247254149	geckodriver::marionette	INFO	Connecting to Marionette on localhost:2309
1490247255165	Marionette	INFO	Listening on port 2309
mar 23, 2017 12:34:17 AM org.openqa.selenium.remote.ProtocolHandshake createSession
INFORMACI�N: Detected dialect: W3C
JavaScript error: https://www.google.com.co/xjs/_/js/k=xjs.s.es.3D1vvQb95oo.O/m=sx,c,sb,cdos,cr,elog,hsm,jsa,r,qsm,j,p,d,csi/am=gCMo5fGCBkD8HyEUhJuEBVIFTBjA/rt=j/d=1/t=zcms/rs=ACT90oGaya0P8PUFoR6yfXG8sFNZCI11vw, line 358: SecurityError: The operation is insecure.
mar 23, 2017 12:34:22 AM org.openqa.selenium.remote.ErrorCodes toStatus
INFORMACI�N: HTTP Status: &apos;400&apos; -&gt; incorrect JSON status mapping for &apos;unknown error&apos; (500 expected)
1490247262032	Marionette	INFO	New connections will no longer be accepted
[Child 6524] ###!!! ABORT: Aborting on channel error.: file c:/builds/moz2_slave/m-rel-w32-00000000000000000000/build/src/ipc/glue/MessageChannel.cpp, line 2143
mar 23, 2017 12:34:23 AM org.openqa.selenium.os.UnixProcess destroy
GRAVE: Unable to kill process with PID 9904
</system-err>
  </testcase>
</testsuite>